{"C:\\Users\\crede\\Downloads\\enterprise-workforce-intelligence\\src\\config\\database.ts": {"path":"C:\\Users\\crede\\Downloads\\enterprise-workforce-intelligence\\src\\config\\database.ts","statementMap":{"0":{"start":{"line":1,"column":0},"end":{"line":1,"column":38}},"1":{"start":{"line":2,"column":0},"end":{"line":2,"column":33}},"2":{"start":{"line":3,"column":0},"end":{"line":3,"column":34}},"3":{"start":{"line":15,"column":4},"end":{"line":21,"column":7}},"4":{"start":{"line":23,"column":4},"end":{"line":25,"column":7}},"5":{"start":{"line":24,"column":6},"end":{"line":24,"column":59}},"6":{"start":{"line":29,"column":18},"end":{"line":29,"column":28}},"7":{"start":{"line":30,"column":4},"end":{"line":40,"column":5}},"8":{"start":{"line":31,"column":21},"end":{"line":31,"column":56}},"9":{"start":{"line":32,"column":23},"end":{"line":32,"column":41}},"10":{"start":{"line":33,"column":6},"end":{"line":35,"column":7}},"11":{"start":{"line":34,"column":8},"end":{"line":34,"column":88}},"12":{"start":{"line":36,"column":6},"end":{"line":36,"column":20}},"13":{"start":{"line":38,"column":6},"end":{"line":38,"column":58}},"14":{"start":{"line":39,"column":6},"end":{"line":39,"column":16}},"15":{"start":{"line":44,"column":4},"end":{"line":44,"column":31}},"16":{"start":{"line":48,"column":4},"end":{"line":48,"column":26}},"17":{"start":{"line":49,"column":4},"end":{"line":49,"column":51}},"18":{"start":{"line":53,"column":4},"end":{"line":58,"column":5}},"19":{"start":{"line":54,"column":6},"end":{"line":54,"column":44}},"20":{"start":{"line":55,"column":6},"end":{"line":55,"column":18}},"21":{"start":{"line":57,"column":6},"end":{"line":57,"column":19}},"22":{"start":{"line":62,"column":13},"end":{"line":62,"column":41}}},"fnMap":{"0":{"name":"(anonymous_0)","decl":{"start":{"line":14,"column":2},"end":{"line":14,"column":null}},"loc":{"start":{"line":14,"column":2},"end":{"line":26,"column":3}}},"1":{"name":"(anonymous_1)","decl":{"start":{"line":23,"column":26},"end":{"line":23,"column":27}},"loc":{"start":{"line":23,"column":34},"end":{"line":25,"column":5}}},"2":{"name":"(anonymous_2)","decl":{"start":{"line":28,"column":2},"end":{"line":28,"column":7}},"loc":{"start":{"line":28,"column":42},"end":{"line":41,"column":3}}},"3":{"name":"(anonymous_3)","decl":{"start":{"line":43,"column":2},"end":{"line":43,"column":7}},"loc":{"start":{"line":43,"column":17},"end":{"line":45,"column":3}}},"4":{"name":"(anonymous_4)","decl":{"start":{"line":47,"column":2},"end":{"line":47,"column":7}},"loc":{"start":{"line":47,"column":13},"end":{"line":50,"column":3}}},"5":{"name":"(anonymous_5)","decl":{"start":{"line":52,"column":2},"end":{"line":52,"column":7}},"loc":{"start":{"line":52,"column":19},"end":{"line":59,"column":3}}}},"branchMap":{"0":{"loc":{"start":{"line":33,"column":6},"end":{"line":35,"column":7}},"type":"if","locations":[{"start":{"line":33,"column":6},"end":{"line":35,"column":7}}]}},"s":{"0":1,"1":1,"2":1,"3":1,"4":1,"5":0,"6":0,"7":0,"8":0,"9":0,"10":0,"11":0,"12":0,"13":0,"14":0,"15":0,"16":0,"17":0,"18":0,"19":0,"20":0,"21":0,"22":1},"f":{"0":1,"1":0,"2":0,"3":0,"4":0,"5":0},"b":{"0":[0]}}
,"C:\\Users\\crede\\Downloads\\enterprise-workforce-intelligence\\src\\config\\index.ts": {"path":"C:\\Users\\crede\\Downloads\\enterprise-workforce-intelligence\\src\\config\\index.ts","statementMap":{"0":{"start":{"line":1,"column":0},"end":{"line":1,"column":28}},"1":{"start":{"line":3,"column":0},"end":{"line":3,"column":16}},"2":{"start":{"line":79,"column":13},"end":{"line":165,"column":2}},"3":{"start":{"line":167,"column":0},"end":{"line":167,"column":22}}},"fnMap":{},"branchMap":{"0":{"loc":{"start":{"line":80,"column":17},"end":{"line":80,"column":43}},"type":"binary-expr","locations":[{"start":{"line":80,"column":17},"end":{"line":80,"column":33}},{"start":{"line":80,"column":37},"end":{"line":80,"column":43}}]},"1":{"loc":{"start":{"line":81,"column":12},"end":{"line":81,"column":57}},"type":"binary-expr","locations":[{"start":{"line":81,"column":12},"end":{"line":81,"column":40}},{"start":{"line":81,"column":44},"end":{"line":81,"column":57}}]},"2":{"loc":{"start":{"line":82,"column":13},"end":{"line":82,"column":53}},"type":"binary-expr","locations":[{"start":{"line":82,"column":13},"end":{"line":82,"column":42}},{"start":{"line":82,"column":46},"end":{"line":82,"column":53}}]},"3":{"loc":{"start":{"line":86,"column":6},"end":{"line":87,"column":83}},"type":"binary-expr","locations":[{"start":{"line":86,"column":6},"end":{"line":86,"column":30}},{"start":{"line":87,"column":6},"end":{"line":87,"column":83}}]},"4":{"loc":{"start":{"line":88,"column":22},"end":{"line":88,"column":58}},"type":"binary-expr","locations":[{"start":{"line":88,"column":22},"end":{"line":88,"column":51}},{"start":{"line":88,"column":55},"end":{"line":88,"column":58}}]},"5":{"loc":{"start":{"line":89,"column":22},"end":{"line":89,"column":59}},"type":"binary-expr","locations":[{"start":{"line":89,"column":22},"end":{"line":89,"column":51}},{"start":{"line":89,"column":55},"end":{"line":89,"column":59}}]},"6":{"loc":{"start":{"line":93,"column":15},"end":{"line":93,"column":67}},"type":"binary-expr","locations":[{"start":{"line":93,"column":15},"end":{"line":93,"column":37}},{"start":{"line":93,"column":41},"end":{"line":93,"column":67}}]},"7":{"loc":{"start":{"line":94,"column":15},"end":{"line":94,"column":46}},"type":"binary-expr","locations":[{"start":{"line":94,"column":15},"end":{"line":94,"column":37}},{"start":{"line":94,"column":41},"end":{"line":94,"column":46}}]},"8":{"loc":{"start":{"line":95,"column":27},"end":{"line":95,"column":60}},"type":"binary-expr","locations":[{"start":{"line":95,"column":27},"end":{"line":95,"column":52}},{"start":{"line":95,"column":56},"end":{"line":95,"column":60}}]},"9":{"loc":{"start":{"line":99,"column":15},"end":{"line":99,"column":59}},"type":"binary-expr","locations":[{"start":{"line":99,"column":15},"end":{"line":99,"column":47}},{"start":{"line":99,"column":51},"end":{"line":99,"column":59}}]},"10":{"loc":{"start":{"line":101,"column":14},"end":{"line":101,"column":46}},"type":"binary-expr","locations":[{"start":{"line":101,"column":14},"end":{"line":101,"column":40}},{"start":{"line":101,"column":44},"end":{"line":101,"column":46}}]},"11":{"loc":{"start":{"line":102,"column":13},"end":{"line":102,"column":62}},"type":"binary-expr","locations":[{"start":{"line":102,"column":13},"end":{"line":102,"column":37}},{"start":{"line":102,"column":41},"end":{"line":102,"column":62}}]},"12":{"loc":{"start":{"line":104,"column":8},"end":{"line":104,"column":70}},"type":"binary-expr","locations":[{"start":{"line":104,"column":8},"end":{"line":104,"column":42}},{"start":{"line":104,"column":46},"end":{"line":104,"column":70}}]},"13":{"loc":{"start":{"line":109,"column":15},"end":{"line":109,"column":70}},"type":"binary-expr","locations":[{"start":{"line":109,"column":15},"end":{"line":109,"column":56}},{"start":{"line":109,"column":60},"end":{"line":109,"column":70}}]},"14":{"loc":{"start":{"line":111,"column":14},"end":{"line":111,"column":48}},"type":"binary-expr","locations":[{"start":{"line":111,"column":14},"end":{"line":111,"column":42}},{"start":{"line":111,"column":46},"end":{"line":111,"column":48}}]},"15":{"loc":{"start":{"line":113,"column":8},"end":{"line":113,"column":67}},"type":"binary-expr","locations":[{"start":{"line":113,"column":8},"end":{"line":113,"column":39}},{"start":{"line":113,"column":43},"end":{"line":113,"column":67}}]},"16":{"loc":{"start":{"line":115,"column":8},"end":{"line":115,"column":56}},"type":"binary-expr","locations":[{"start":{"line":115,"column":8},"end":{"line":115,"column":40}},{"start":{"line":115,"column":44},"end":{"line":115,"column":56}}]},"17":{"loc":{"start":{"line":120,"column":24},"end":{"line":120,"column":59}},"type":"binary-expr","locations":[{"start":{"line":120,"column":24},"end":{"line":120,"column":50}},{"start":{"line":120,"column":54},"end":{"line":120,"column":59}}]},"18":{"loc":{"start":{"line":121,"column":27},"end":{"line":121,"column":64}},"type":"binary-expr","locations":[{"start":{"line":121,"column":27},"end":{"line":121,"column":56}},{"start":{"line":121,"column":60},"end":{"line":121,"column":64}}]},"19":{"loc":{"start":{"line":122,"column":26},"end":{"line":122,"column":62}},"type":"binary-expr","locations":[{"start":{"line":122,"column":26},"end":{"line":122,"column":55}},{"start":{"line":122,"column":59},"end":{"line":122,"column":62}}]},"20":{"loc":{"start":{"line":124,"column":6},"end":{"line":124,"column":51}},"type":"binary-expr","locations":[{"start":{"line":124,"column":6},"end":{"line":124,"column":42}},{"start":{"line":124,"column":46},"end":{"line":124,"column":51}}]},"21":{"loc":{"start":{"line":129,"column":13},"end":{"line":129,"column":55}},"type":"binary-expr","locations":[{"start":{"line":129,"column":13},"end":{"line":129,"column":46}},{"start":{"line":129,"column":50},"end":{"line":129,"column":55}}]},"22":{"loc":{"start":{"line":130,"column":31},"end":{"line":137,"column":null}},"type":"cond-expr","locations":[{"start":{"line":131,"column":8},"end":{"line":131,"column":59}},{"start":{"line":132,"column":8},"end":{"line":137,"column":null}}]},"23":{"loc":{"start":{"line":141,"column":26},"end":{"line":141,"column":65}},"type":"binary-expr","locations":[{"start":{"line":141,"column":26},"end":{"line":141,"column":51}},{"start":{"line":141,"column":55},"end":{"line":141,"column":65}}]},"24":{"loc":{"start":{"line":143,"column":6},"end":{"line":143,"column":55}},"type":"binary-expr","locations":[{"start":{"line":143,"column":6},"end":{"line":143,"column":38}},{"start":{"line":143,"column":42},"end":{"line":143,"column":55}}]},"25":{"loc":{"start":{"line":150,"column":6},"end":{"line":150,"column":51}},"type":"binary-expr","locations":[{"start":{"line":150,"column":6},"end":{"line":150,"column":42}},{"start":{"line":150,"column":46},"end":{"line":150,"column":51}}]},"26":{"loc":{"start":{"line":161,"column":6},"end":{"line":161,"column":55}},"type":"binary-expr","locations":[{"start":{"line":161,"column":6},"end":{"line":161,"column":45}},{"start":{"line":161,"column":49},"end":{"line":161,"column":55}}]}},"s":{"0":1,"1":1,"2":1,"3":1},"f":{},"b":{"0":[1,0],"1":[1,0],"2":[1,0],"3":[1,0],"4":[1,0],"5":[1,0],"6":[1,0],"7":[1,0],"8":[1,0],"9":[1,0],"10":[1,0],"11":[1,0],"12":[1,0],"13":[1,0],"14":[1,0],"15":[1,0],"16":[1,0],"17":[1,0],"18":[1,0],"19":[1,0],"20":[1,0],"21":[1,0],"22":[1,0],"23":[1,0],"24":[1,0],"25":[1,0],"26":[1,0]}}
,"C:\\Users\\crede\\Downloads\\enterprise-workforce-intelligence\\src\\config\\logger.ts": {"path":"C:\\Users\\crede\\Downloads\\enterprise-workforce-intelligence\\src\\config\\logger.ts","statementMap":{"0":{"start":{"line":1,"column":0},"end":{"line":1,"column":30}},"1":{"start":{"line":2,"column":0},"end":{"line":2,"column":33}},"2":{"start":{"line":13,"column":10},"end":{"line":13,"column":35}},"3":{"start":{"line":16,"column":4},"end":{"line":29,"column":7}},"4":{"start":{"line":31,"column":4},"end":{"line":45,"column":5}},"5":{"start":{"line":32,"column":6},"end":{"line":44,"column":8}},"6":{"start":{"line":37,"column":27},"end":{"line":37,"column":39}},"7":{"start":{"line":38,"column":14},"end":{"line":40,"column":17}},"8":{"start":{"line":49,"column":4},"end":{"line":49,"column":27}},"9":{"start":{"line":53,"column":4},"end":{"line":53,"column":22}},"10":{"start":{"line":57,"column":4},"end":{"line":57,"column":61}},"11":{"start":{"line":61,"column":4},"end":{"line":61,"column":60}},"12":{"start":{"line":65,"column":4},"end":{"line":65,"column":60}},"13":{"start":{"line":69,"column":17},"end":{"line":69,"column":100}},"14":{"start":{"line":70,"column":4},"end":{"line":70,"column":61}},"15":{"start":{"line":74,"column":4},"end":{"line":81,"column":7}},"16":{"start":{"line":85,"column":13},"end":{"line":85,"column":35}}},"fnMap":{"0":{"name":"(anonymous_1)","decl":{"start":{"line":15,"column":2},"end":{"line":15,"column":null}},"loc":{"start":{"line":15,"column":2},"end":{"line":46,"column":3}}},"1":{"name":"(anonymous_2)","decl":{"start":{"line":36,"column":34},"end":{"line":36,"column":35}},"loc":{"start":{"line":36,"column":43},"end":{"line":41,"column":13}}},"2":{"name":"(anonymous_3)","decl":{"start":{"line":48,"column":2},"end":{"line":48,"column":12}},"loc":{"start":{"line":48,"column":32},"end":{"line":50,"column":3}}},"3":{"name":"(anonymous_4)","decl":{"start":{"line":52,"column":2},"end":{"line":52,"column":14}},"loc":{"start":{"line":52,"column":14},"end":{"line":54,"column":3}}},"4":{"name":"(anonymous_5)","decl":{"start":{"line":56,"column":2},"end":{"line":56,"column":7}},"loc":{"start":{"line":56,"column":51},"end":{"line":58,"column":3}}},"5":{"name":"(anonymous_6)","decl":{"start":{"line":60,"column":2},"end":{"line":60,"column":6}},"loc":{"start":{"line":60,"column":50},"end":{"line":62,"column":3}}},"6":{"name":"(anonymous_7)","decl":{"start":{"line":64,"column":2},"end":{"line":64,"column":6}},"loc":{"start":{"line":64,"column":50},"end":{"line":66,"column":3}}},"7":{"name":"(anonymous_8)","decl":{"start":{"line":68,"column":2},"end":{"line":68,"column":7}},"loc":{"start":{"line":68,"column":60},"end":{"line":71,"column":3}}},"8":{"name":"(anonymous_9)","decl":{"start":{"line":73,"column":2},"end":{"line":73,"column":10}},"loc":{"start":{"line":73,"column":73},"end":{"line":82,"column":3}}}},"branchMap":{"0":{"loc":{"start":{"line":31,"column":4},"end":{"line":45,"column":5}},"type":"if","locations":[{"start":{"line":31,"column":4},"end":{"line":45,"column":5}}]},"1":{"loc":{"start":{"line":39,"column":16},"end":{"line":39,"column":null}},"type":"cond-expr","locations":[{"start":{"line":39,"column":43},"end":{"line":39,"column":63}},{"start":{"line":39,"column":66},"end":{"line":39,"column":null}}]},"2":{"loc":{"start":{"line":69,"column":17},"end":{"line":69,"column":100}},"type":"cond-expr","locations":[{"start":{"line":69,"column":42},"end":{"line":69,"column":86}},{"start":{"line":69,"column":89},"end":{"line":69,"column":100}}]},"3":{"loc":{"start":{"line":69,"column":89},"end":{"line":69,"column":100}},"type":"binary-expr","locations":[{"start":{"line":69,"column":89},"end":{"line":69,"column":94}},{"start":{"line":69,"column":98},"end":{"line":69,"column":100}}]}},"s":{"0":1,"1":1,"2":1,"3":1,"4":1,"5":1,"6":0,"7":0,"8":0,"9":0,"10":0,"11":0,"12":0,"13":0,"14":0,"15":0,"16":1},"f":{"0":1,"1":0,"2":0,"3":0,"4":0,"5":0,"6":0,"7":0,"8":0},"b":{"0":[1],"1":[0,0],"2":[0,0],"3":[0,0]}}
,"C:\\Users\\crede\\Downloads\\enterprise-workforce-intelligence\\src\\services\\skill-intelligence.service.ts": {"path":"C:\\Users\\crede\\Downloads\\enterprise-workforce-intelligence\\src\\services\\skill-intelligence.service.ts","statementMap":{"0":{"start":{"line":11,"column":0},"end":{"line":11,"column":40}},"1":{"start":{"line":12,"column":0},"end":{"line":12,"column":42}},"2":{"start":{"line":40,"column":4},"end":{"line":40,"column":55}},"3":{"start":{"line":48,"column":4},"end":{"line":92,"column":5}},"4":{"start":{"line":49,"column":6},"end":{"line":52,"column":9}},"5":{"start":{"line":55,"column":30},"end":{"line":55,"column":86}},"6":{"start":{"line":58,"column":26},"end":{"line":58,"column":88}},"7":{"start":{"line":60,"column":35},"end":{"line":60,"column":37}},"8":{"start":{"line":63,"column":6},"end":{"line":81,"column":7}},"9":{"start":{"line":64,"column":30},"end":{"line":65,"column":null}},"10":{"start":{"line":65,"column":17},"end":{"line":65,"column":52}},"11":{"start":{"line":68,"column":29},"end":{"line":68,"column":83}},"12":{"start":{"line":69,"column":20},"end":{"line":69,"column":62}},"13":{"start":{"line":71,"column":8},"end":{"line":80,"column":9}},"14":{"start":{"line":72,"column":10},"end":{"line":79,"column":13}},"15":{"start":{"line":83,"column":6},"end":{"line":86,"column":9}},"16":{"start":{"line":88,"column":6},"end":{"line":88,"column":20}},"17":{"start":{"line":90,"column":6},"end":{"line":90,"column":69}},"18":{"start":{"line":91,"column":6},"end":{"line":91,"column":18}},"19":{"start":{"line":100,"column":4},"end":{"line":179,"column":5}},"20":{"start":{"line":101,"column":6},"end":{"line":104,"column":9}},"21":{"start":{"line":106,"column":26},"end":{"line":109,"column":null}},"22":{"start":{"line":112,"column":30},"end":{"line":112,"column":86}},"23":{"start":{"line":113,"column":26},"end":{"line":113,"column":88}},"24":{"start":{"line":116,"column":29},"end":{"line":119,"column":null}},"25":{"start":{"line":123,"column":32},"end":{"line":123,"column":72}},"26":{"start":{"line":126,"column":24},"end":{"line":126,"column":76}},"27":{"start":{"line":129,"column":31},"end":{"line":136,"column":9}},"28":{"start":{"line":129,"column":59},"end":{"line":136,"column":8}},"29":{"start":{"line":131,"column":58},"end":{"line":131,"column":85}},"30":{"start":{"line":139,"column":34},"end":{"line":141,"column":null}},"31":{"start":{"line":140,"column":34},"end":{"line":140,"column":43}},"32":{"start":{"line":145,"column":26},"end":{"line":145,"column":93}},"33":{"start":{"line":148,"column":30},"end":{"line":151,"column":null}},"34":{"start":{"line":154,"column":51},"end":{"line":167,"column":8}},"35":{"start":{"line":169,"column":6},"end":{"line":173,"column":9}},"36":{"start":{"line":175,"column":6},"end":{"line":175,"column":22}},"37":{"start":{"line":177,"column":6},"end":{"line":177,"column":74}},"38":{"start":{"line":178,"column":6},"end":{"line":178,"column":18}},"39":{"start":{"line":186,"column":4},"end":{"line":263,"column":5}},"40":{"start":{"line":187,"column":6},"end":{"line":187,"column":60}},"41":{"start":{"line":189,"column":21},"end":{"line":194,"column":null}},"42":{"start":{"line":197,"column":21},"end":{"line":197,"column":32}},"43":{"start":{"line":198,"column":42},"end":{"line":198,"column":44}},"44":{"start":{"line":199,"column":30},"end":{"line":199,"column":31}},"45":{"start":{"line":201,"column":20},"end":{"line":201,"column":30}},"46":{"start":{"line":202,"column":28},"end":{"line":202,"column":80}},"47":{"start":{"line":204,"column":6},"end":{"line":227,"column":7}},"48":{"start":{"line":205,"column":35},"end":{"line":205,"column":71}},"49":{"start":{"line":206,"column":36},"end":{"line":207,"column":null}},"50":{"start":{"line":210,"column":8},"end":{"line":226,"column":9}},"51":{"start":{"line":211,"column":10},"end":{"line":217,"column":13}},"52":{"start":{"line":218,"column":15},"end":{"line":226,"column":9}},"53":{"start":{"line":219,"column":10},"end":{"line":225,"column":13}},"54":{"start":{"line":230,"column":6},"end":{"line":230,"column":66}},"55":{"start":{"line":233,"column":24},"end":{"line":236,"column":null}},"56":{"start":{"line":239,"column":27},"end":{"line":239,"column":57}},"57":{"start":{"line":241,"column":35},"end":{"line":251,"column":8}},"58":{"start":{"line":253,"column":6},"end":{"line":257,"column":9}},"59":{"start":{"line":259,"column":6},"end":{"line":259,"column":23}},"60":{"start":{"line":261,"column":6},"end":{"line":261,"column":68}},"61":{"start":{"line":262,"column":6},"end":{"line":262,"column":18}},"62":{"start":{"line":270,"column":19},"end":{"line":276,"column":null}},"63":{"start":{"line":279,"column":4},"end":{"line":289,"column":6}},"64":{"start":{"line":281,"column":40},"end":{"line":288,"column":8}},"65":{"start":{"line":296,"column":19},"end":{"line":301,"column":null}},"66":{"start":{"line":304,"column":4},"end":{"line":312,"column":6}},"67":{"start":{"line":306,"column":48},"end":{"line":311,"column":8}},"68":{"start":{"line":320,"column":4},"end":{"line":320,"column":60}},"69":{"start":{"line":320,"column":49},"end":{"line":320,"column":60}},"70":{"start":{"line":322,"column":24},"end":{"line":322,"column":25}},"71":{"start":{"line":323,"column":22},"end":{"line":323,"column":23}},"72":{"start":{"line":325,"column":4},"end":{"line":347,"column":5}},"73":{"start":{"line":326,"column":20},"end":{"line":326,"column":80}},"74":{"start":{"line":326,"column":44},"end":{"line":326,"column":79}},"75":{"start":{"line":327,"column":28},"end":{"line":328,"column":null}},"76":{"start":{"line":328,"column":15},"end":{"line":328,"column":50}},"77":{"start":{"line":332,"column":27},"end":{"line":332,"column":59}},"78":{"start":{"line":333,"column":31},"end":{"line":335,"column":null}},"79":{"start":{"line":339,"column":28},"end":{"line":340,"column":null}},"80":{"start":{"line":344,"column":25},"end":{"line":344,"column":57}},"81":{"start":{"line":345,"column":6},"end":{"line":345,"column":57}},"82":{"start":{"line":346,"column":6},"end":{"line":346,"column":42}},"83":{"start":{"line":349,"column":4},"end":{"line":349,"column":51}},"84":{"start":{"line":353,"column":4},"end":{"line":353,"column":41}},"85":{"start":{"line":353,"column":21},"end":{"line":353,"column":41}},"86":{"start":{"line":354,"column":4},"end":{"line":354,"column":36}},"87":{"start":{"line":354,"column":21},"end":{"line":354,"column":36}},"88":{"start":{"line":355,"column":4},"end":{"line":355,"column":41}},"89":{"start":{"line":355,"column":21},"end":{"line":355,"column":41}},"90":{"start":{"line":356,"column":4},"end":{"line":356,"column":23}},"91":{"start":{"line":360,"column":4},"end":{"line":360,"column":38}},"92":{"start":{"line":360,"column":29},"end":{"line":360,"column":38}},"93":{"start":{"line":363,"column":19},"end":{"line":363,"column":57}},"94":{"start":{"line":363,"column":37},"end":{"line":363,"column":56}},"95":{"start":{"line":364,"column":17},"end":{"line":364,"column":66}},"96":{"start":{"line":364,"column":41},"end":{"line":364,"column":46}},"97":{"start":{"line":366,"column":6},"end":{"line":366,"column":83}},"98":{"start":{"line":366,"column":34},"end":{"line":366,"column":63}},"99":{"start":{"line":367,"column":19},"end":{"line":367,"column":38}},"100":{"start":{"line":368,"column":15},"end":{"line":368,"column":28}},"101":{"start":{"line":371,"column":4},"end":{"line":371,"column":31}},"102":{"start":{"line":379,"column":29},"end":{"line":379,"column":83}},"103":{"start":{"line":380,"column":22},"end":{"line":380,"column":76}},"104":{"start":{"line":381,"column":4},"end":{"line":381,"column":36}},"105":{"start":{"line":385,"column":4},"end":{"line":385,"column":39}},"106":{"start":{"line":385,"column":21},"end":{"line":385,"column":39}},"107":{"start":{"line":386,"column":4},"end":{"line":386,"column":35}},"108":{"start":{"line":386,"column":21},"end":{"line":386,"column":35}},"109":{"start":{"line":387,"column":4},"end":{"line":387,"column":37}},"110":{"start":{"line":387,"column":21},"end":{"line":387,"column":37}},"111":{"start":{"line":388,"column":4},"end":{"line":388,"column":17}},"112":{"start":{"line":393,"column":29},"end":{"line":393,"column":31}},"113":{"start":{"line":394,"column":29},"end":{"line":394,"column":80}},"114":{"start":{"line":395,"column":4},"end":{"line":395,"column":71}},"115":{"start":{"line":399,"column":4},"end":{"line":399,"column":40}},"116":{"start":{"line":399,"column":29},"end":{"line":399,"column":40}},"117":{"start":{"line":401,"column":32},"end":{"line":402,"column":null}},"118":{"start":{"line":405,"column":4},"end":{"line":405,"column":45}},"119":{"start":{"line":405,"column":34},"end":{"line":405,"column":45}},"120":{"start":{"line":406,"column":4},"end":{"line":406,"column":45}},"121":{"start":{"line":406,"column":34},"end":{"line":406,"column":45}},"122":{"start":{"line":407,"column":4},"end":{"line":407,"column":46}},"123":{"start":{"line":407,"column":35},"end":{"line":407,"column":46}},"124":{"start":{"line":408,"column":4},"end":{"line":408,"column":46}},"125":{"start":{"line":408,"column":35},"end":{"line":408,"column":46}},"126":{"start":{"line":409,"column":4},"end":{"line":409,"column":15}},"127":{"start":{"line":416,"column":4},"end":{"line":428,"column":10}},"128":{"start":{"line":418,"column":30},"end":{"line":419,"column":null}},"129":{"start":{"line":419,"column":18},"end":{"line":419,"column":46}},"130":{"start":{"line":421,"column":8},"end":{"line":421,"column":82}},"131":{"start":{"line":423,"column":23},"end":{"line":428,"column":8}},"132":{"start":{"line":432,"column":4},"end":{"line":432,"column":47}},"133":{"start":{"line":432,"column":29},"end":{"line":432,"column":47}},"134":{"start":{"line":433,"column":4},"end":{"line":433,"column":43}},"135":{"start":{"line":433,"column":29},"end":{"line":433,"column":43}},"136":{"start":{"line":434,"column":4},"end":{"line":434,"column":46}},"137":{"start":{"line":434,"column":30},"end":{"line":434,"column":46}},"138":{"start":{"line":435,"column":4},"end":{"line":435,"column":17}},"139":{"start":{"line":443,"column":28},"end":{"line":443,"column":30}},"140":{"start":{"line":445,"column":4},"end":{"line":447,"column":5}},"141":{"start":{"line":446,"column":6},"end":{"line":446,"column":63}},"142":{"start":{"line":449,"column":25},"end":{"line":449,"column":95}},"143":{"start":{"line":449,"column":57},"end":{"line":449,"column":94}},"144":{"start":{"line":450,"column":4},"end":{"line":452,"column":5}},"145":{"start":{"line":451,"column":6},"end":{"line":451,"column":99}},"146":{"start":{"line":451,"column":70},"end":{"line":451,"column":83}},"147":{"start":{"line":454,"column":4},"end":{"line":454,"column":17}},"148":{"start":{"line":462,"column":38},"end":{"line":462,"column":40}},"149":{"start":{"line":465,"column":24},"end":{"line":468,"column":6}},"150":{"start":{"line":466,"column":26},"end":{"line":466,"column":69}},"151":{"start":{"line":467,"column":6},"end":{"line":467,"column":85}},"152":{"start":{"line":471,"column":4},"end":{"line":476,"column":5}},"153":{"start":{"line":471,"column":17},"end":{"line":471,"column":18}},"154":{"start":{"line":472,"column":19},"end":{"line":472,"column":33}},"155":{"start":{"line":473,"column":6},"end":{"line":475,"column":8}},"156":{"start":{"line":478,"column":4},"end":{"line":480,"column":5}},"157":{"start":{"line":479,"column":6},"end":{"line":479,"column":76}},"158":{"start":{"line":482,"column":4},"end":{"line":482,"column":27}},"159":{"start":{"line":486,"column":4},"end":{"line":502,"column":6}},"160":{"start":{"line":36,"column":0},"end":{"line":36,"column":13}}},"fnMap":{"0":{"name":"(anonymous_0)","decl":{"start":{"line":39,"column":2},"end":{"line":39,"column":null}},"loc":{"start":{"line":39,"column":2},"end":{"line":41,"column":3}}},"1":{"name":"(anonymous_1)","decl":{"start":{"line":43,"column":2},"end":{"line":43,"column":7}},"loc":{"start":{"line":46,"column":30},"end":{"line":93,"column":3}}},"2":{"name":"(anonymous_2)","decl":{"start":{"line":65,"column":10},"end":{"line":65,"column":11}},"loc":{"start":{"line":65,"column":17},"end":{"line":65,"column":52}}},"3":{"name":"(anonymous_3)","decl":{"start":{"line":95,"column":2},"end":{"line":95,"column":7}},"loc":{"start":{"line":98,"column":30},"end":{"line":180,"column":3}}},"4":{"name":"(anonymous_4)","decl":{"start":{"line":129,"column":47},"end":{"line":129,"column":48}},"loc":{"start":{"line":129,"column":59},"end":{"line":136,"column":8}}},"5":{"name":"(anonymous_5)","decl":{"start":{"line":131,"column":51},"end":{"line":131,"column":52}},"loc":{"start":{"line":131,"column":58},"end":{"line":131,"column":85}}},"6":{"name":"(anonymous_6)","decl":{"start":{"line":140,"column":27},"end":{"line":140,"column":28}},"loc":{"start":{"line":140,"column":34},"end":{"line":140,"column":43}}},"7":{"name":"(anonymous_7)","decl":{"start":{"line":182,"column":2},"end":{"line":182,"column":7}},"loc":{"start":{"line":184,"column":20},"end":{"line":264,"column":3}}},"8":{"name":"(anonymous_8)","decl":{"start":{"line":266,"column":10},"end":{"line":266,"column":15}},"loc":{"start":{"line":268,"column":20},"end":{"line":290,"column":3}}},"9":{"name":"(anonymous_9)","decl":{"start":{"line":281,"column":30},"end":{"line":281,"column":31}},"loc":{"start":{"line":281,"column":40},"end":{"line":288,"column":8}}},"10":{"name":"(anonymous_10)","decl":{"start":{"line":292,"column":10},"end":{"line":292,"column":15}},"loc":{"start":{"line":294,"column":20},"end":{"line":313,"column":3}}},"11":{"name":"(anonymous_11)","decl":{"start":{"line":306,"column":38},"end":{"line":306,"column":39}},"loc":{"start":{"line":306,"column":48},"end":{"line":311,"column":8}}},"12":{"name":"(anonymous_12)","decl":{"start":{"line":315,"column":10},"end":{"line":315,"column":33}},"loc":{"start":{"line":318,"column":38},"end":{"line":350,"column":3}}},"13":{"name":"(anonymous_13)","decl":{"start":{"line":326,"column":37},"end":{"line":326,"column":38}},"loc":{"start":{"line":326,"column":44},"end":{"line":326,"column":79}}},"14":{"name":"(anonymous_14)","decl":{"start":{"line":328,"column":8},"end":{"line":328,"column":9}},"loc":{"start":{"line":328,"column":15},"end":{"line":328,"column":50}}},"15":{"name":"(anonymous_15)","decl":{"start":{"line":352,"column":10},"end":{"line":352,"column":29}},"loc":{"start":{"line":352,"column":43},"end":{"line":357,"column":3}}},"16":{"name":"(anonymous_16)","decl":{"start":{"line":359,"column":10},"end":{"line":359,"column":36}},"loc":{"start":{"line":359,"column":50},"end":{"line":372,"column":3}}},"17":{"name":"(anonymous_17)","decl":{"start":{"line":363,"column":30},"end":{"line":363,"column":31}},"loc":{"start":{"line":363,"column":37},"end":{"line":363,"column":56}}},"18":{"name":"(anonymous_18)","decl":{"start":{"line":364,"column":31},"end":{"line":364,"column":32}},"loc":{"start":{"line":364,"column":41},"end":{"line":364,"column":46}}},"19":{"name":"(anonymous_19)","decl":{"start":{"line":366,"column":20},"end":{"line":366,"column":21}},"loc":{"start":{"line":366,"column":34},"end":{"line":366,"column":63}}},"20":{"name":"(anonymous_20)","decl":{"start":{"line":374,"column":10},"end":{"line":374,"column":28}},"loc":{"start":{"line":377,"column":23},"end":{"line":382,"column":3}}},"21":{"name":"(anonymous_21)","decl":{"start":{"line":384,"column":10},"end":{"line":384,"column":24}},"loc":{"start":{"line":384,"column":38},"end":{"line":389,"column":3}}},"22":{"name":"(anonymous_22)","decl":{"start":{"line":391,"column":10},"end":{"line":391,"column":32}},"loc":{"start":{"line":391,"column":77},"end":{"line":396,"column":3}}},"23":{"name":"(anonymous_23)","decl":{"start":{"line":398,"column":10},"end":{"line":398,"column":32}},"loc":{"start":{"line":398,"column":58},"end":{"line":410,"column":3}}},"24":{"name":"(anonymous_24)","decl":{"start":{"line":412,"column":10},"end":{"line":412,"column":27}},"loc":{"start":{"line":414,"column":38},"end":{"line":429,"column":3}}},"25":{"name":"(anonymous_25)","decl":{"start":{"line":417,"column":14},"end":{"line":417,"column":15}},"loc":{"start":{"line":417,"column":24},"end":{"line":422,"column":7}}},"26":{"name":"(anonymous_26)","decl":{"start":{"line":419,"column":10},"end":{"line":419,"column":11}},"loc":{"start":{"line":419,"column":18},"end":{"line":419,"column":46}}},"27":{"name":"(anonymous_27)","decl":{"start":{"line":423,"column":11},"end":{"line":423,"column":12}},"loc":{"start":{"line":423,"column":23},"end":{"line":428,"column":8}}},"28":{"name":"(anonymous_28)","decl":{"start":{"line":431,"column":10},"end":{"line":431,"column":38}},"loc":{"start":{"line":431,"column":56},"end":{"line":436,"column":3}}},"29":{"name":"(anonymous_29)","decl":{"start":{"line":438,"column":10},"end":{"line":438,"column":29}},"loc":{"start":{"line":441,"column":27},"end":{"line":455,"column":3}}},"30":{"name":"(anonymous_30)","decl":{"start":{"line":449,"column":49},"end":{"line":449,"column":50}},"loc":{"start":{"line":449,"column":57},"end":{"line":449,"column":94}}},"31":{"name":"(anonymous_31)","decl":{"start":{"line":451,"column":61},"end":{"line":451,"column":62}},"loc":{"start":{"line":451,"column":70},"end":{"line":451,"column":83}}},"32":{"name":"(anonymous_32)","decl":{"start":{"line":457,"column":10},"end":{"line":457,"column":33}},"loc":{"start":{"line":460,"column":27},"end":{"line":483,"column":3}}},"33":{"name":"(anonymous_33)","decl":{"start":{"line":465,"column":51},"end":{"line":465,"column":52}},"loc":{"start":{"line":465,"column":60},"end":{"line":468,"column":5}}},"34":{"name":"(anonymous_34)","decl":{"start":{"line":485,"column":10},"end":{"line":485,"column":33}},"loc":{"start":{"line":485,"column":33},"end":{"line":503,"column":3}}}},"branchMap":{"0":{"loc":{"start":{"line":68,"column":29},"end":{"line":68,"column":83}},"type":"binary-expr","locations":[{"start":{"line":68,"column":29},"end":{"line":68,"column":56}},{"start":{"line":68,"column":61},"end":{"line":68,"column":83}}]},"1":{"loc":{"start":{"line":71,"column":8},"end":{"line":80,"column":9}},"type":"if","locations":[{"start":{"line":71,"column":8},"end":{"line":80,"column":9}}]},"2":{"loc":{"start":{"line":76,"column":54},"end":{"line":76,"column":91}},"type":"binary-expr","locations":[{"start":{"line":76,"column":54},"end":{"line":76,"column":86}},{"start":{"line":76,"column":90},"end":{"line":76,"column":91}}]},"3":{"loc":{"start":{"line":77,"column":37},"end":{"line":77,"column":80}},"type":"binary-expr","locations":[{"start":{"line":77,"column":37},"end":{"line":77,"column":75}},{"start":{"line":77,"column":79},"end":{"line":77,"column":80}}]},"4":{"loc":{"start":{"line":78,"column":32},"end":{"line":78,"column":79}},"type":"binary-expr","locations":[{"start":{"line":78,"column":32},"end":{"line":78,"column":65}},{"start":{"line":78,"column":69},"end":{"line":78,"column":79}}]},"5":{"loc":{"start":{"line":131,"column":19},"end":{"line":132,"column":34}},"type":"binary-expr","locations":[{"start":{"line":131,"column":19},"end":{"line":132,"column":21}},{"start":{"line":132,"column":25},"end":{"line":132,"column":34}}]},"6":{"loc":{"start":{"line":210,"column":8},"end":{"line":226,"column":9}},"type":"if","locations":[{"start":{"line":210,"column":8},"end":{"line":226,"column":9}},{"start":{"line":218,"column":15},"end":{"line":226,"column":9}}]},"7":{"loc":{"start":{"line":216,"column":23},"end":{"line":216,"column":70}},"type":"cond-expr","locations":[{"start":{"line":216,"column":51},"end":{"line":216,"column":61}},{"start":{"line":216,"column":64},"end":{"line":216,"column":70}}]},"8":{"loc":{"start":{"line":218,"column":15},"end":{"line":226,"column":9}},"type":"if","locations":[{"start":{"line":218,"column":15},"end":{"line":226,"column":9}}]},"9":{"loc":{"start":{"line":286,"column":26},"end":{"line":286,"column":53}},"type":"binary-expr","locations":[{"start":{"line":286,"column":26},"end":{"line":286,"column":47}},{"start":{"line":286,"column":51},"end":{"line":286,"column":53}}]},"10":{"loc":{"start":{"line":320,"column":4},"end":{"line":320,"column":60}},"type":"if","locations":[{"start":{"line":320,"column":4},"end":{"line":320,"column":60}}]},"11":{"loc":{"start":{"line":332,"column":27},"end":{"line":332,"column":59}},"type":"binary-expr","locations":[{"start":{"line":332,"column":27},"end":{"line":332,"column":54}},{"start":{"line":332,"column":58},"end":{"line":332,"column":59}}]},"12":{"loc":{"start":{"line":353,"column":4},"end":{"line":353,"column":41}},"type":"if","locations":[{"start":{"line":353,"column":4},"end":{"line":353,"column":41}}]},"13":{"loc":{"start":{"line":354,"column":4},"end":{"line":354,"column":36}},"type":"if","locations":[{"start":{"line":354,"column":4},"end":{"line":354,"column":36}}]},"14":{"loc":{"start":{"line":355,"column":4},"end":{"line":355,"column":41}},"type":"if","locations":[{"start":{"line":355,"column":4},"end":{"line":355,"column":41}}]},"15":{"loc":{"start":{"line":360,"column":4},"end":{"line":360,"column":38}},"type":"if","locations":[{"start":{"line":360,"column":4},"end":{"line":360,"column":38}}]},"16":{"loc":{"start":{"line":385,"column":4},"end":{"line":385,"column":39}},"type":"if","locations":[{"start":{"line":385,"column":4},"end":{"line":385,"column":39}}]},"17":{"loc":{"start":{"line":386,"column":4},"end":{"line":386,"column":35}},"type":"if","locations":[{"start":{"line":386,"column":4},"end":{"line":386,"column":35}}]},"18":{"loc":{"start":{"line":387,"column":4},"end":{"line":387,"column":37}},"type":"if","locations":[{"start":{"line":387,"column":4},"end":{"line":387,"column":37}}]},"19":{"loc":{"start":{"line":399,"column":4},"end":{"line":399,"column":40}},"type":"if","locations":[{"start":{"line":399,"column":4},"end":{"line":399,"column":40}}]},"20":{"loc":{"start":{"line":405,"column":4},"end":{"line":405,"column":45}},"type":"if","locations":[{"start":{"line":405,"column":4},"end":{"line":405,"column":45}}]},"21":{"loc":{"start":{"line":406,"column":4},"end":{"line":406,"column":45}},"type":"if","locations":[{"start":{"line":406,"column":4},"end":{"line":406,"column":45}}]},"22":{"loc":{"start":{"line":407,"column":4},"end":{"line":407,"column":46}},"type":"if","locations":[{"start":{"line":407,"column":4},"end":{"line":407,"column":46}}]},"23":{"loc":{"start":{"line":408,"column":4},"end":{"line":408,"column":46}},"type":"if","locations":[{"start":{"line":408,"column":4},"end":{"line":408,"column":46}}]},"24":{"loc":{"start":{"line":421,"column":15},"end":{"line":421,"column":81}},"type":"binary-expr","locations":[{"start":{"line":421,"column":15},"end":{"line":421,"column":28}},{"start":{"line":421,"column":32},"end":{"line":421,"column":81}}]},"25":{"loc":{"start":{"line":432,"column":4},"end":{"line":432,"column":47}},"type":"if","locations":[{"start":{"line":432,"column":4},"end":{"line":432,"column":47}}]},"26":{"loc":{"start":{"line":433,"column":4},"end":{"line":433,"column":43}},"type":"if","locations":[{"start":{"line":433,"column":4},"end":{"line":433,"column":43}}]},"27":{"loc":{"start":{"line":434,"column":4},"end":{"line":434,"column":46}},"type":"if","locations":[{"start":{"line":434,"column":4},"end":{"line":434,"column":46}}]},"28":{"loc":{"start":{"line":445,"column":4},"end":{"line":447,"column":5}},"type":"if","locations":[{"start":{"line":445,"column":4},"end":{"line":447,"column":5}}]},"29":{"loc":{"start":{"line":450,"column":4},"end":{"line":452,"column":5}},"type":"if","locations":[{"start":{"line":450,"column":4},"end":{"line":452,"column":5}}]},"30":{"loc":{"start":{"line":478,"column":4},"end":{"line":480,"column":5}},"type":"if","locations":[{"start":{"line":478,"column":4},"end":{"line":480,"column":5}}]}},"s":{"0":1,"1":1,"2":6,"3":0,"4":0,"5":0,"6":0,"7":0,"8":0,"9":0,"10":0,"11":0,"12":0,"13":0,"14":0,"15":0,"16":0,"17":0,"18":0,"19":0,"20":0,"21":0,"22":0,"23":0,"24":0,"25":0,"26":0,"27":0,"28":0,"29":0,"30":0,"31":0,"32":0,"33":0,"34":0,"35":0,"36":0,"37":0,"38":0,"39":0,"40":0,"41":0,"42":0,"43":0,"44":0,"45":0,"46":0,"47":0,"48":0,"49":0,"50":0,"51":0,"52":0,"53":0,"54":0,"55":0,"56":0,"57":0,"58":0,"59":0,"60":0,"61":0,"62":0,"63":0,"64":0,"65":0,"66":0,"67":0,"68":0,"69":0,"70":0,"71":0,"72":0,"73":0,"74":0,"75":0,"76":0,"77":0,"78":0,"79":0,"80":0,"81":0,"82":0,"83":0,"84":0,"85":0,"86":0,"87":0,"88":0,"89":0,"90":0,"91":0,"92":0,"93":0,"94":0,"95":0,"96":0,"97":0,"98":0,"99":0,"100":0,"101":0,"102":0,"103":0,"104":0,"105":0,"106":0,"107":0,"108":0,"109":0,"110":0,"111":0,"112":0,"113":0,"114":0,"115":0,"116":0,"117":0,"118":0,"119":0,"120":0,"121":0,"122":0,"123":0,"124":0,"125":0,"126":0,"127":0,"128":0,"129":0,"130":0,"131":0,"132":0,"133":0,"134":0,"135":0,"136":0,"137":0,"138":0,"139":0,"140":0,"141":0,"142":0,"143":0,"144":0,"145":0,"146":0,"147":0,"148":0,"149":0,"150":0,"151":0,"152":0,"153":0,"154":0,"155":0,"156":0,"157":0,"158":0,"159":6,"160":1},"f":{"0":6,"1":0,"2":0,"3":0,"4":0,"5":0,"6":0,"7":0,"8":0,"9":0,"10":0,"11":0,"12":0,"13":0,"14":0,"15":0,"16":0,"17":0,"18":0,"19":0,"20":0,"21":0,"22":0,"23":0,"24":0,"25":0,"26":0,"27":0,"28":0,"29":0,"30":0,"31":0,"32":0,"33":0,"34":6},"b":{"0":[0,0],"1":[0],"2":[0,0],"3":[0,0],"4":[0,0],"5":[0,0],"6":[0,0],"7":[0,0],"8":[0],"9":[0,0],"10":[0],"11":[0,0],"12":[0],"13":[0],"14":[0],"15":[0],"16":[0],"17":[0],"18":[0],"19":[0],"20":[0],"21":[0],"22":[0],"23":[0],"24":[0,0],"25":[0],"26":[0],"27":[0],"28":[0],"29":[0],"30":[0]}}
}
