TN:
SF:src\config\database.ts
FN:14,(anonymous_0)
FN:23,(anonymous_1)
FN:28,(anonymous_2)
FN:43,(anonymous_3)
FN:47,(anonymous_4)
FN:52,(anonymous_5)
FNF:6
FNH:1
FNDA:1,(anonymous_0)
FNDA:0,(anonymous_1)
FNDA:0,(anonymous_2)
FNDA:0,(anonymous_3)
FNDA:0,(anonymous_4)
FNDA:0,(anonymous_5)
DA:1,1
DA:2,1
DA:3,1
DA:15,1
DA:23,1
DA:24,0
DA:29,0
DA:30,0
DA:31,0
DA:32,0
DA:33,0
DA:34,0
DA:36,0
DA:38,0
DA:39,0
DA:44,0
DA:48,0
DA:49,0
DA:53,0
DA:54,0
DA:55,0
DA:57,0
DA:62,1
LF:23
LH:6
BRDA:33,0,0,0
BRF:1
BRH:0
end_of_record
TN:
SF:src\config\index.ts
FNF:0
FNH:0
DA:1,1
DA:3,1
DA:79,1
DA:167,1
LF:4
LH:4
BRDA:80,0,0,1
BRDA:80,0,1,0
BRDA:81,1,0,1
BRDA:81,1,1,0
BRDA:82,2,0,1
BRDA:82,2,1,0
BRDA:86,3,0,1
BRDA:86,3,1,0
BRDA:88,4,0,1
BRDA:88,4,1,0
BRDA:89,5,0,1
BRDA:89,5,1,0
BRDA:93,6,0,1
BRDA:93,6,1,0
BRDA:94,7,0,1
BRDA:94,7,1,0
BRDA:95,8,0,1
BRDA:95,8,1,0
BRDA:99,9,0,1
BRDA:99,9,1,0
BRDA:101,10,0,1
BRDA:101,10,1,0
BRDA:102,11,0,1
BRDA:102,11,1,0
BRDA:104,12,0,1
BRDA:104,12,1,0
BRDA:109,13,0,1
BRDA:109,13,1,0
BRDA:111,14,0,1
BRDA:111,14,1,0
BRDA:113,15,0,1
BRDA:113,15,1,0
BRDA:115,16,0,1
BRDA:115,16,1,0
BRDA:120,17,0,1
BRDA:120,17,1,0
BRDA:121,18,0,1
BRDA:121,18,1,0
BRDA:122,19,0,1
BRDA:122,19,1,0
BRDA:124,20,0,1
BRDA:124,20,1,0
BRDA:129,21,0,1
BRDA:129,21,1,0
BRDA:130,22,0,1
BRDA:130,22,1,0
BRDA:141,23,0,1
BRDA:141,23,1,0
BRDA:143,24,0,1
BRDA:143,24,1,0
BRDA:150,25,0,1
BRDA:150,25,1,0
BRDA:161,26,0,1
BRDA:161,26,1,0
BRF:54
BRH:27
end_of_record
TN:
SF:src\config\logger.ts
FN:15,(anonymous_1)
FN:36,(anonymous_2)
FN:48,(anonymous_3)
FN:52,(anonymous_4)
FN:56,(anonymous_5)
FN:60,(anonymous_6)
FN:64,(anonymous_7)
FN:68,(anonymous_8)
FN:73,(anonymous_9)
FNF:9
FNH:1
FNDA:1,(anonymous_1)
FNDA:0,(anonymous_2)
FNDA:0,(anonymous_3)
FNDA:0,(anonymous_4)
FNDA:0,(anonymous_5)
FNDA:0,(anonymous_6)
FNDA:0,(anonymous_7)
FNDA:0,(anonymous_8)
FNDA:0,(anonymous_9)
DA:1,1
DA:2,1
DA:13,1
DA:16,1
DA:31,1
DA:32,1
DA:37,0
DA:38,0
DA:49,0
DA:53,0
DA:57,0
DA:61,0
DA:65,0
DA:69,0
DA:70,0
DA:74,0
DA:85,1
LF:17
LH:7
BRDA:31,0,0,1
BRDA:39,1,0,0
BRDA:39,1,1,0
BRDA:69,2,0,0
BRDA:69,2,1,0
BRDA:69,3,0,0
BRDA:69,3,1,0
BRF:7
BRH:1
end_of_record
TN:
SF:src\services\skill-intelligence.service.ts
FN:39,(anonymous_0)
FN:43,(anonymous_1)
FN:65,(anonymous_2)
FN:95,(anonymous_3)
FN:129,(anonymous_4)
FN:131,(anonymous_5)
FN:140,(anonymous_6)
FN:182,(anonymous_7)
FN:266,(anonymous_8)
FN:281,(anonymous_9)
FN:292,(anonymous_10)
FN:306,(anonymous_11)
FN:315,(anonymous_12)
FN:326,(anonymous_13)
FN:328,(anonymous_14)
FN:352,(anonymous_15)
FN:359,(anonymous_16)
FN:363,(anonymous_17)
FN:364,(anonymous_18)
FN:366,(anonymous_19)
FN:374,(anonymous_20)
FN:384,(anonymous_21)
FN:391,(anonymous_22)
FN:398,(anonymous_23)
FN:412,(anonymous_24)
FN:417,(anonymous_25)
FN:419,(anonymous_26)
FN:423,(anonymous_27)
FN:431,(anonymous_28)
FN:438,(anonymous_29)
FN:449,(anonymous_30)
FN:451,(anonymous_31)
FN:457,(anonymous_32)
FN:465,(anonymous_33)
FN:485,(anonymous_34)
FNF:35
FNH:2
FNDA:6,(anonymous_0)
FNDA:0,(anonymous_1)
FNDA:0,(anonymous_2)
FNDA:0,(anonymous_3)
FNDA:0,(anonymous_4)
FNDA:0,(anonymous_5)
FNDA:0,(anonymous_6)
FNDA:0,(anonymous_7)
FNDA:0,(anonymous_8)
FNDA:0,(anonymous_9)
FNDA:0,(anonymous_10)
FNDA:0,(anonymous_11)
FNDA:0,(anonymous_12)
FNDA:0,(anonymous_13)
FNDA:0,(anonymous_14)
FNDA:0,(anonymous_15)
FNDA:0,(anonymous_16)
FNDA:0,(anonymous_17)
FNDA:0,(anonymous_18)
FNDA:0,(anonymous_19)
FNDA:0,(anonymous_20)
FNDA:0,(anonymous_21)
FNDA:0,(anonymous_22)
FNDA:0,(anonymous_23)
FNDA:0,(anonymous_24)
FNDA:0,(anonymous_25)
FNDA:0,(anonymous_26)
FNDA:0,(anonymous_27)
FNDA:0,(anonymous_28)
FNDA:0,(anonymous_29)
FNDA:0,(anonymous_30)
FNDA:0,(anonymous_31)
FNDA:0,(anonymous_32)
FNDA:0,(anonymous_33)
FNDA:6,(anonymous_34)
DA:11,1
DA:12,1
DA:36,1
DA:40,6
DA:48,0
DA:49,0
DA:55,0
DA:58,0
DA:60,0
DA:63,0
DA:64,0
DA:65,0
DA:68,0
DA:69,0
DA:71,0
DA:72,0
DA:83,0
DA:88,0
DA:90,0
DA:91,0
DA:100,0
DA:101,0
DA:106,0
DA:112,0
DA:113,0
DA:116,0
DA:123,0
DA:126,0
DA:129,0
DA:131,0
DA:139,0
DA:140,0
DA:145,0
DA:148,0
DA:154,0
DA:169,0
DA:175,0
DA:177,0
DA:178,0
DA:186,0
DA:187,0
DA:189,0
DA:197,0
DA:198,0
DA:199,0
DA:201,0
DA:202,0
DA:204,0
DA:205,0
DA:206,0
DA:210,0
DA:211,0
DA:218,0
DA:219,0
DA:230,0
DA:233,0
DA:239,0
DA:241,0
DA:253,0
DA:259,0
DA:261,0
DA:262,0
DA:270,0
DA:279,0
DA:281,0
DA:296,0
DA:304,0
DA:306,0
DA:320,0
DA:322,0
DA:323,0
DA:325,0
DA:326,0
DA:327,0
DA:328,0
DA:332,0
DA:333,0
DA:339,0
DA:344,0
DA:345,0
DA:346,0
DA:349,0
DA:353,0
DA:354,0
DA:355,0
DA:356,0
DA:360,0
DA:363,0
DA:364,0
DA:366,0
DA:367,0
DA:368,0
DA:371,0
DA:379,0
DA:380,0
DA:381,0
DA:385,0
DA:386,0
DA:387,0
DA:388,0
DA:393,0
DA:394,0
DA:395,0
DA:399,0
DA:401,0
DA:405,0
DA:406,0
DA:407,0
DA:408,0
DA:409,0
DA:416,0
DA:418,0
DA:419,0
DA:421,0
DA:423,0
DA:432,0
DA:433,0
DA:434,0
DA:435,0
DA:443,0
DA:445,0
DA:446,0
DA:449,0
DA:450,0
DA:451,0
DA:454,0
DA:462,0
DA:465,0
DA:466,0
DA:467,0
DA:471,0
DA:472,0
DA:473,0
DA:478,0
DA:479,0
DA:482,0
DA:486,6
LF:137
LH:5
BRDA:68,0,0,0
BRDA:68,0,1,0
BRDA:71,1,0,0
BRDA:76,2,0,0
BRDA:76,2,1,0
BRDA:77,3,0,0
BRDA:77,3,1,0
BRDA:78,4,0,0
BRDA:78,4,1,0
BRDA:131,5,0,0
BRDA:131,5,1,0
BRDA:210,6,0,0
BRDA:210,6,1,0
BRDA:216,7,0,0
BRDA:216,7,1,0
BRDA:218,8,0,0
BRDA:286,9,0,0
BRDA:286,9,1,0
BRDA:320,10,0,0
BRDA:332,11,0,0
BRDA:332,11,1,0
BRDA:353,12,0,0
BRDA:354,13,0,0
BRDA:355,14,0,0
BRDA:360,15,0,0
BRDA:385,16,0,0
BRDA:386,17,0,0
BRDA:387,18,0,0
BRDA:399,19,0,0
BRDA:405,20,0,0
BRDA:406,21,0,0
BRDA:407,22,0,0
BRDA:408,23,0,0
BRDA:421,24,0,0
BRDA:421,24,1,0
BRDA:432,25,0,0
BRDA:433,26,0,0
BRDA:434,27,0,0
BRDA:445,28,0,0
BRDA:450,29,0,0
BRDA:478,30,0,0
BRF:41
BRH:0
end_of_record
